<?xml version="1.0" encoding="UTF-8"?>
<!-- Generated by org.testng.reporters.JUnitReportReporter -->
<testsuite hostname="LAPTOP-V3RUJ3A4" failures="0" tests="2" name="testRunner.TestRun" time="13.730" errors="0" timestamp="2025-02-23T14:51:16 EST" skipped="0">
  <testcase classname="testRunner.TestRun" name="runScenario" time="6.164"/>
  <system-out/>
  <testcase classname="testRunner.TestRun" name="runScenario" time="7.566"/>
  <system-out/>
</testsuite> <!-- testRunner.TestRun -->
