<?xml version="1.0" encoding="UTF-8"?>
<!-- Generated by org.testng.reporters.JUnitReportReporter -->
<testsuite hostname="LAPTOP-TINQNFE1" failures="0" tests="3" name="testRunner.TestRun" time="39.945" errors="0" timestamp="2025-02-24T19:55:30 EST" skipped="0">
  <testcase classname="testRunner.TestRun" name="runScenario" time="8.957"/>
  <system-out/>
  <testcase classname="testRunner.TestRun" name="runScenario" time="13.983"/>
  <system-out/>
  <testcase classname="testRunner.TestRun" name="runScenario" time="17.005"/>
  <system-out/>
</testsuite> <!-- testRunner.TestRun -->
